This is pdfTeX, Version 3.14159265-2.6-1.40.18 (MiKTeX 2.9.6350 64-bit) (preloaded format=pdflatex 2017.5.30)  4 JUN 2017 14:45
entering extended mode
**./acknowledgementsCH.tex
(acknowledgementsCH.tex
LaTeX2e <2017-04-15>
Babel <3.9r> and hyphenation patterns for 75 language(s) loaded.

! LaTeX Error: Environment acknowledgementsCH undefined.

See the LaTeX manual or LaTeX Companion for explanation.
Type  H <return>  for immediate help.
 ...                                              
                                                  
l.1 \begin{acknowledgementsCH}
                              
Your command was ignored.
Type  I <command> <return>  to replace it with another command,
or  <return>  to continue without it.


! LaTeX Error: There's no line here to end.

See the LaTeX manual or LaTeX Companion for explanation.
Type  H <return>  for immediate help.
 ...                                              
                                                  
l.5 \\
      
Your command was ignored.
Type  I <command> <return>  to replace it with another command,
or  <return>  to continue without it.


! LaTeX Error: There's no line here to end.

See the LaTeX manual or LaTeX Companion for explanation.
Type  H <return>  for immediate help.
 ...                                              
                                                  
l.6 \\
      
Your command was ignored.
Type  I <command> <return>  to replace it with another command,
or  <return>  to continue without it.


! LaTeX Error: There's no line here to end.

See the LaTeX manual or LaTeX Companion for explanation.
Type  H <return>  for immediate help.
 ...                                              
                                                  
l.7 \raggedleft
               {\textbf{ç®¡èŠ¸è¾°}}
Your command was ignored.
Type  I <command> <return>  to replace it with another command,
or  <return>  to continue without it.


! LaTeX Error: Missing \begin{document}.

See the LaTeX manual or LaTeX Companion for explanation.
Type  H <return>  for immediate help.
 ...                                              
                                                  
l.7 \raggedleft{\textbf{ç®¡èŠ¸è¾°}
                                  }
You're in trouble here.  Try typing  <return>  to proceed.
If that doesn't work, type  X <return>  to quit.

Missing character: There is no ç in font cmbx10!
Missing character: There is no ® in font cmbx10!
Missing character: There is no ¡ in font cmbx10!
Missing character: There is no è in font cmbx10!
Missing character: There is no Š in font cmbx10!
Missing character: There is no ¸ in font cmbx10!
Missing character: There is no è in font cmbx10!
Missing character: There is no ¾ in font cmbx10!
Missing character: There is no ° in font cmbx10!

! LaTeX Error: Missing \begin{document}.

See the LaTeX manual or LaTeX Companion for explanation.
Type  H <return>  for immediate help.
 ...                                              
                                                  
l.9 \raggedright{å
                  œ‹ç«‹æ”¿æ²»å¤§å­¸è³‡è¨Šç§‘å­¸ç³»}
You're in trouble here.  Try typing  <return>  to proceed.
If that doesn't work, type  X <return>  to quit.

Missing character: There is no å in font nullfont!
Missing character: There is no œ in font nullfont!
Missing character: There is no ‹ in font nullfont!
Missing character: There is no ç in font nullfont!
Missing character: There is no « in font nullfont!
Missing character: There is no ‹ in font nullfont!
Missing character: There is no æ in font nullfont!
Missing character: There is no ” in font nullfont!
Missing character: There is no ¿ in font nullfont!
Missing character: There is no æ in font nullfont!
Missing character: There is no ² in font nullfont!
Missing character: There is no » in font nullfont!
Missing character: There is no å in font nullfont!
Missing character: There is no ¤ in font nullfont!
Missing character: There is no § in font nullfont!
Missing character: There is no å in font nullfont!
Missing character: There is no ­ in font nullfont!
Missing character: There is no ¸ in font nullfont!
Missing character: There is no è in font nullfont!
Missing character: There is no ³ in font nullfont!
Missing character: There is no ‡ in font nullfont!
Missing character: There is no è in font nullfont!
Missing character: There is no ¨ in font nullfont!
Missing character: There is no Š in font nullfont!
Missing character: There is no ç in font nullfont!
Missing character: There is no § in font nullfont!
Missing character: There is no ‘ in font nullfont!
Missing character: There is no å in font nullfont!
Missing character: There is no ­ in font nullfont!
Missing character: There is no ¸ in font nullfont!
Missing character: There is no ç in font nullfont!
Missing character: There is no ³ in font nullfont!
Missing character: There is no » in font nullfont!

! LaTeX Error: Missing \begin{document}.

See the LaTeX manual or LaTeX Companion for explanation.
Type  H <return>  for immediate help.
 ...                                              
                                                  
l.11 \raggedright{J
                   une\ 2017}
You're in trouble here.  Try typing  <return>  to proceed.
If that doesn't work, type  X <return>  to quit.

Missing character: There is no J in font nullfont!
Missing character: There is no u in font nullfont!
Missing character: There is no n in font nullfont!
Missing character: There is no e in font nullfont!
Missing character: There is no 2 in font nullfont!
Missing character: There is no 0 in font nullfont!
Missing character: There is no 1 in font nullfont!
Missing character: There is no 7 in font nullfont!

! LaTeX Error: \begin{document} ended by \end{acknowledgementsCH}.

See the LaTeX manual or LaTeX Companion for explanation.
Type  H <return>  for immediate help.
 ...                                              
                                                  
l.13 \end{acknowledgementsCH}
                             
Your command was ignored.
Type  I <command> <return>  to replace it with another command,
or  <return>  to continue without it.

)
! Emergency stop.
<*> ./acknowledgementsCH.tex
                            
*** (job aborted, no legal \end found)

 
Here is how much of TeX's memory you used:
 11 strings out of 493328
 206 string characters out of 3140830
 53405 words of memory out of 3000000
 3644 multiletter control sequences out of 15000+200000
 3948 words of font info for 15 fonts, out of 3000000 for 9000
 1141 hyphenation exceptions out of 8191
 13i,1n,10p,75b,90s stack positions out of 5000i,500n,10000p,200000b,50000s
!  ==> Fatal error occurred, no output PDF file produced!
